c:\users\hemanth\dropbox\development\basicaudio\builds\visualstudio2015\debug\juce_core.obj
c:\users\hemanth\dropbox\development\basicaudio\builds\visualstudio2015\debug\juce_gui_extra.obj
c:\users\hemanth\dropbox\development\basicaudio\builds\visualstudio2015\debug\juce_audio_processors.obj
c:\users\hemanth\dropbox\development\basicaudio\builds\visualstudio2015\debug\juce_audio_basics.obj
c:\users\hemanth\dropbox\development\basicaudio\builds\visualstudio2015\debug\juce_data_structures.obj
c:\users\hemanth\dropbox\development\basicaudio\builds\visualstudio2015\debug\juce_opengl.obj
c:\users\hemanth\dropbox\development\basicaudio\builds\visualstudio2015\debug\main.obj
c:\users\hemanth\dropbox\development\basicaudio\builds\visualstudio2015\debug\juce_video.obj
c:\users\hemanth\dropbox\development\basicaudio\builds\visualstudio2015\debug\juce_audio_devices.obj
c:\users\hemanth\dropbox\development\basicaudio\builds\visualstudio2015\debug\juce_events.obj
c:\users\hemanth\dropbox\development\basicaudio\builds\visualstudio2015\debug\juce_audio_formats.obj
c:\users\hemanth\dropbox\development\basicaudio\builds\visualstudio2015\debug\juce_gui_basics.obj
c:\users\hemanth\dropbox\development\basicaudio\builds\visualstudio2015\debug\juce_audio_utils.obj
c:\users\hemanth\dropbox\development\basicaudio\builds\visualstudio2015\debug\juce_cryptography.obj
c:\users\hemanth\dropbox\development\basicaudio\builds\visualstudio2015\debug\juce_graphics.obj
c:\users\hemanth\dropbox\development\basicaudio\builds\visualstudio2015\debug\maincomponent.obj
c:\users\hemanth\dropbox\development\basicaudio\builds\visualstudio2015\debug\basicaudio.ilk
c:\users\hemanth\dropbox\development\basicaudio\builds\visualstudio2015\debug\resources.res
c:\users\hemanth\dropbox\development\basicaudio\builds\visualstudio2015\debug\vc140.idb
c:\users\hemanth\dropbox\development\basicaudio\builds\visualstudio2015\debug\basicaudio.pdb
c:\users\hemanth\dropbox\development\basicaudio\builds\visualstudio2015\debug\vc140.pdb
c:\users\hemanth\dropbox\development\basicaudio\builds\visualstudio2015\debug\basicaudio.exe
c:\users\hemanth\dropbox\development\basicaudio\builds\visualstudio2015\debug\homework1.tlog\cl.command.1.tlog
c:\users\hemanth\dropbox\development\basicaudio\builds\visualstudio2015\debug\homework1.tlog\cl.read.1.tlog
c:\users\hemanth\dropbox\development\basicaudio\builds\visualstudio2015\debug\homework1.tlog\cl.write.1.tlog
